[10:47:37] [main/INFO] (FabricLoader/GameProvider) Loading Minecraft 1.20.1 with Fabric Loader 0.15.11
[10:47:37] [main/INFO] (FabricLoader) Loading 75 mods:
	- cardinal-components-base 5.2.2
	- cardinal-components-entity 5.2.2
	- cloth-basic-math 0.6.1
	- cloth-config 11.1.118
	- dummmmmmy 1.20-1.8.17b
	- fabric-api 0.92.2+1.20.1
	- fabric-api-base 0.4.31+1802ada577
	- fabric-api-lookup-api-v1 1.6.36+1802ada577
	- fabric-biome-api-v1 13.0.13+1802ada577
	- fabric-block-api-v1 1.0.11+1802ada577
	- fabric-block-view-api-v2 1.0.1+1802ada577
	- fabric-blockrenderlayer-v1 1.1.41+1802ada577
	- fabric-client-tags-api-v1 1.1.2+1802ada577
	- fabric-command-api-v1 1.2.34+f71b366f77
	- fabric-command-api-v2 2.2.13+1802ada577
	- fabric-commands-v0 0.2.51+df3654b377
	- fabric-containers-v0 0.1.64+df3654b377
	- fabric-content-registries-v0 4.0.11+1802ada577
	- fabric-convention-tags-v1 1.5.5+1802ada577
	- fabric-crash-report-info-v1 0.2.19+1802ada577
	- fabric-data-attachment-api-v1 1.0.0+de0fd6d177
	- fabric-data-generation-api-v1 12.3.4+1802ada577
	- fabric-dimensions-v1 2.1.54+1802ada577
	- fabric-entity-events-v1 1.6.0+1c78457f77
	- fabric-events-interaction-v0 0.6.2+1802ada577
	- fabric-events-lifecycle-v0 0.2.63+df3654b377
	- fabric-game-rule-api-v1 1.0.40+1802ada577
	- fabric-gametest-api-v1 1.2.13+1802ada577
	- fabric-item-api-v1 2.1.28+1802ada577
	- fabric-item-group-api-v1 4.0.12+1802ada577
	- fabric-key-binding-api-v1 1.0.37+1802ada577
	- fabric-keybindings-v0 0.2.35+df3654b377
	- fabric-lifecycle-events-v1 2.2.22+1802ada577
	- fabric-loot-api-v2 1.2.1+1802ada577
	- fabric-loot-tables-v1 1.1.45+9e7660c677
	- fabric-message-api-v1 5.1.9+1802ada577
	- fabric-mining-level-api-v1 2.1.50+1802ada577
	- fabric-model-loading-api-v1 1.0.3+1802ada577
	- fabric-models-v0 0.4.2+9386d8a777
	- fabric-networking-api-v1 1.3.11+1802ada577
	- fabric-networking-v0 0.3.51+df3654b377
	- fabric-object-builder-api-v1 11.1.3+1802ada577
	- fabric-particles-v1 1.1.2+1802ada577
	- fabric-recipe-api-v1 1.0.21+1802ada577
	- fabric-registry-sync-v0 2.3.3+1802ada577
	- fabric-renderer-api-v1 3.2.1+1802ada577
	- fabric-renderer-indigo 1.5.2+85287f9f77
	- fabric-renderer-registries-v1 3.2.46+df3654b377
	- fabric-rendering-data-attachment-v1 0.3.37+92a0d36777
	- fabric-rendering-fluids-v1 3.0.28+1802ada577
	- fabric-rendering-v0 1.1.49+df3654b377
	- fabric-rendering-v1 3.0.8+1802ada577
	- fabric-resource-conditions-api-v1 2.3.8+1802ada577
	- fabric-resource-loader-v0 0.11.10+1802ada577
	- fabric-screen-api-v1 2.0.8+1802ada577
	- fabric-screen-handler-api-v1 1.3.30+1802ada577
	- fabric-sound-api-v1 1.0.13+1802ada577
	- fabric-transfer-api-v1 3.3.5+8dd72ea377
	- fabric-transitive-access-wideners-v1 4.3.1+1802ada577
	- fabricloader 0.15.11
	- forgeconfigapiport 8.0.0
	- immersive_guns 1.4.1
	- java 21
	- jei 15.4.0.9
	- minecraft 1.20.1
	- mixinextras 0.3.5
	- mkb 1.2.0
	- modmenu 7.2.2
	- moonlight 1.20-2.12.6
	- player-animator 1.0.2-rc1+1.20
	- porting_lib_core 2.3.4+1.20.1
	- porting_lib_entity 2.3.4+1.20.1
	- porting_lib_mixin_extensions 2.3.4+1.20.1
	- porting_lib_tags 3.0
	- shouldersurfing 4.1.5
[10:47:37] [main/INFO] (FabricLoader/Mixin) SpongePowered MIXIN Subsystem Version=0.8.5 Source=file:/C:/Users/Lukeon214/.gradle/caches/modules-2/files-2.1/net.fabricmc/sponge-mixin/0.13.3+mixin.0.8.5/9527e6b0d2449408958fd1302594dc65ec5ade9c/sponge-mixin-0.13.3+mixin.0.8.5.jar Service=Knot/Fabric Env=CLIENT
[10:47:37] [main/INFO] (FabricLoader/Mixin) Loaded Fabric development mappings for mixin remapper!
[10:47:37] [main/INFO] (FabricLoader/Mixin) Compatibility level set to JAVA_17
[10:47:38] [main/WARN] (FabricLoader/Mixin) Error loading class: com/mrcrayfish/guns/client/handler/RecoilHandler (java.lang.ClassNotFoundException: com/mrcrayfish/guns/client/handler/RecoilHandler)
[10:47:38] [main/WARN] (FabricLoader/Mixin) Error loading class: yesman/epicfight/client/events/engine/RenderEngine (java.lang.ClassNotFoundException: yesman/epicfight/client/events/engine/RenderEngine)
[10:47:38] [main/WARN] (FabricLoader/Mixin) Error loading class: dev/tr7zw/skinlayers/render/CustomizableModelPart (java.lang.ClassNotFoundException: dev/tr7zw/skinlayers/render/CustomizableModelPart)
[10:47:38] [main/WARN] (FabricLoader/Mixin) Error loading class: mcjty/theoneprobe/rendering/OverlayRenderer (java.lang.ClassNotFoundException: mcjty/theoneprobe/rendering/OverlayRenderer)
[10:47:39] [main/INFO] (FabricLoader/MixinExtras|Service) Initializing MixinExtras via com.llamalad7.mixinextras.service.MixinExtrasServiceImpl(version=0.3.5).
[10:47:41] [main/WARN] (FabricLoader/Mixin) @Inject(@At("INVOKE")) Shift.BY=2 on porting_lib_entity.mixins.json:common.LivingEntityMixin from mod porting_lib_entity::handler$zml000$porting_lib_entity$port_lib$onFinishUsing exceeds the maximum allowed value: 0. Increase the value of maxShiftBy to suppress this warning.
[10:47:44] [Datafixer Bootstrap/INFO] (Minecraft) 188 Datafixer optimizations took 116 milliseconds
[10:47:46] [Render thread/INFO] (Minecraft) [STDERR]: [LWJGL] [ThreadLocalUtil] Unsupported JNI version detected, this may result in a crash. Please inform LWJGL developers.
[10:47:46] [Render thread/INFO] (Minecraft) Environment: authHost='https://authserver.mojang.com', accountsHost='https://api.mojang.com', sessionHost='https://sessionserver.mojang.com', servicesHost='https://api.minecraftservices.com', name='PROD'
[10:47:46] [Render thread/ERROR] (Minecraft) Failed to verify authentication
com.mojang.authlib.exceptions.InvalidCredentialsException: Status: 401
	at com.mojang.authlib.exceptions.MinecraftClientHttpException.toAuthenticationException(MinecraftClientHttpException.java:56) ~[authlib-4.0.43.jar:?]
	at com.mojang.authlib.yggdrasil.YggdrasilUserApiService.fetchProperties(YggdrasilUserApiService.java:156) ~[authlib-4.0.43.jar:?]
	at com.mojang.authlib.yggdrasil.YggdrasilUserApiService.<init>(YggdrasilUserApiService.java:55) ~[authlib-4.0.43.jar:?]
	at com.mojang.authlib.yggdrasil.YggdrasilAuthenticationService.createUserApiService(YggdrasilAuthenticationService.java:124) ~[authlib-4.0.43.jar:?]
	at net.minecraft.client.MinecraftClient.createUserApiService(MinecraftClient.java:733) ~[minecraft-merged-d8dda4d153-1.20.1-net.fabricmc.yarn.1_20_1.1.20.1+build.10-v2.jar:?]
	at net.minecraft.client.MinecraftClient.<init>(MinecraftClient.java:442) ~[minecraft-merged-d8dda4d153-1.20.1-net.fabricmc.yarn.1_20_1.1.20.1+build.10-v2.jar:?]
	at net.minecraft.client.main.Main.main(Main.java:211) ~[minecraft-merged-d8dda4d153-1.20.1-net.fabricmc.yarn.1_20_1.1.20.1+build.10-v2.jar:?]
	at net.fabricmc.loader.impl.game.minecraft.MinecraftGameProvider.launch(MinecraftGameProvider.java:470) ~[fabric-loader-0.15.11.jar:?]
	at net.fabricmc.loader.impl.launch.knot.Knot.launch(Knot.java:74) ~[fabric-loader-0.15.11.jar:?]
	at net.fabricmc.loader.impl.launch.knot.KnotClient.main(KnotClient.java:23) ~[fabric-loader-0.15.11.jar:?]
	at net.fabricmc.devlaunchinjector.Main.main(Main.java:86) ~[dev-launch-injector-0.2.1+build.8.jar:?]
Caused by: com.mojang.authlib.exceptions.MinecraftClientHttpException: Status: 401
	at com.mojang.authlib.minecraft.client.MinecraftClient.readInputStream(MinecraftClient.java:85) ~[authlib-4.0.43.jar:?]
	at com.mojang.authlib.minecraft.client.MinecraftClient.get(MinecraftClient.java:48) ~[authlib-4.0.43.jar:?]
	at com.mojang.authlib.yggdrasil.YggdrasilUserApiService.fetchProperties(YggdrasilUserApiService.java:129) ~[authlib-4.0.43.jar:?]
	... 9 more
[10:47:46] [Render thread/INFO] (Minecraft) Setting user: Player607
[10:47:47] [Render thread/INFO] (immersive_guns) Registered synced data key immersive_guns:shoot_cool_down for minecraft:living_entity
[10:47:47] [Render thread/INFO] (immersive_guns) Registered synced data key immersive_guns:melee_cool_down for minecraft:living_entity
[10:47:47] [Render thread/INFO] (immersive_guns) Registered synced data key immersive_guns:reload_state for minecraft:living_entity
[10:47:47] [Render thread/INFO] (immersive_guns) Registered synced data key immersive_guns:aiming_progress for minecraft:living_entity
[10:47:47] [Render thread/INFO] (immersive_guns) Registered synced data key immersive_guns:draw_cool_down for minecraft:living_entity
[10:47:47] [Render thread/INFO] (immersive_guns) Registered synced data key immersive_guns:is_aiming for minecraft:living_entity
[10:47:47] [Render thread/INFO] (immersive_guns) Registered synced data key immersive_guns:sprint_time for minecraft:living_entity
[10:47:47] [Render thread/INFO] (immersive_guns) Registered synced data key immersive_guns:bolt_cool_down for minecraft:living_entity
[10:47:47] [Render thread/INFO] (Moonlight) Loaded config moonlight-client.json
[10:47:47] [Worker-Main-1/INFO] (Mod Menu/Update Checker) Checking mod updates...
[10:47:48] [Render thread/INFO] (Indigo) [Indigo] Registering Indigo renderer!
[10:47:48] [Render thread/INFO] (ShoulderSurfing) Registering plugin for Shoulder Surfing Reloaded (shouldersurfing)
[10:47:48] [Render thread/INFO] (PluginCaller) Sending ConfigManager...
[10:47:48] [Render thread/INFO] (PluginCaller) Sending ConfigManager took 2.506 ms
[10:47:48] [Render thread/INFO] (Moonlight) Initialized block sets in 10ms
[10:47:48] [Render thread/ERROR] (Minecraft) No data fixer registered for target_dummy
[10:47:48] [Render thread/INFO] (Moonlight) Loaded config dummmmmmy-client.json
[10:47:48] [Render thread/INFO] (Moonlight) Loaded config dummmmmmy-common.json
[10:47:48] [Render thread/INFO] (Moonlight) Initialized color sets in 16ms
[10:47:49] [Render thread/INFO] (Minecraft) Backend library: LWJGL version 3.3.2-snapshot
[10:47:51] [Render thread/INFO] (Minecraft) Reloading ResourceManager: vanilla, fabric (fabric-recipe-api-v1, fabric-loot-tables-v1, fabric-commands-v0, fabric-dimensions-v1, fabric-data-attachment-api-v1, cardinal-components-entity, fabric-api-lookup-api-v1, cloth-config, fabric-keybindings-v0, modmenu, fabric-transitive-access-wideners-v1, fabric-transfer-api-v1, fabric-loot-api-v2, fabric-renderer-indigo, fabric-api, fabric-particles-v1, fabric-data-generation-api-v1, fabric-command-api-v2, fabric-renderer-api-v1, porting_lib_tags, fabric-mining-level-api-v1, fabric-blockrenderlayer-v1, fabric-networking-v0, fabric-events-lifecycle-v0, fabric-block-api-v1, porting_lib_core, fabric-rendering-fluids-v1, porting_lib_mixin_extensions, fabric-item-api-v1, fabric-object-builder-api-v1, fabric-entity-events-v1, fabric-networking-api-v1, immersive_guns, cardinal-components-base, jei, fabric-resource-loader-v0, fabric-models-v0, fabricloader, fabric-renderer-registries-v1, fabric-client-tags-api-v1, fabric-screen-handler-api-v1, dummmmmmy, fabric-biome-api-v1, fabric-crash-report-info-v1, porting_lib_entity, moonlight, fabric-resource-conditions-api-v1, fabric-rendering-v1, fabric-containers-v0, forgeconfigapiport, fabric-gametest-api-v1, fabric-sound-api-v1, fabric-game-rule-api-v1, fabric-content-registries-v0, fabric-events-interaction-v0, fabric-message-api-v1, fabric-screen-api-v1, fabric-api-base, fabric-rendering-data-attachment-v1, fabric-key-binding-api-v1, fabric-registry-sync-v0, fabric-rendering-v0, fabric-lifecycle-events-v1, fabric-item-group-api-v1, fabric-convention-tags-v1, fabric-block-view-api-v2, fabric-command-api-v1, fabric-model-loading-api-v1), Moonlight Mods Dynamic Assets
[10:47:51] [Render thread/INFO] (Moonlight) Generated runtime CLIENT_RESOURCES for pack Moonlight Mods Dynamic Assets (moonlight) in: 4 ms (debug resource dump on)
[10:47:51] [Worker-Main-3/INFO] (Minecraft) Found unifont_all_no_pua-15.0.06.hex, loading
[10:47:51] [Worker-Main-2/WARN] (Minecraft) File immersive_guns:sounds/block/target_block_hit/target_block_hit_1.ogg does not exist, cannot add it to event immersive_guns:target_block_hit
[10:47:51] [Worker-Main-2/WARN] (Minecraft) File immersive_guns:sounds/block/target_block_hit/target_block_hit_2.ogg does not exist, cannot add it to event immersive_guns:target_block_hit
[10:47:51] [Worker-Main-2/WARN] (Minecraft) File immersive_guns:sounds/block/target_block_hit/target_block_hit_3.ogg does not exist, cannot add it to event immersive_guns:target_block_hit
[10:47:51] [Worker-Main-2/WARN] (Minecraft) File immersive_guns:sounds/block/target_block_hit/target_block_hit_4.ogg does not exist, cannot add it to event immersive_guns:target_block_hit
[10:47:51] [Worker-Main-2/WARN] (Minecraft) File immersive_guns:sounds/block/target_block_hit/target_block_hit_5.ogg does not exist, cannot add it to event immersive_guns:target_block_hit
[10:47:51] [Worker-Main-2/WARN] (Minecraft) File immersive_guns:sounds/block/target_block_hit/target_block_hit_6.ogg does not exist, cannot add it to event immersive_guns:target_block_hit
[10:47:51] [Worker-Main-2/WARN] (Minecraft) File immersive_guns:sounds/block/target_block_hit/target_block_hit_7.ogg does not exist, cannot add it to event immersive_guns:target_block_hit
[10:47:51] [Realms Notification Availability checker #1/INFO] (Minecraft) Could not authorize you against Realms server: Invalid session id
[10:47:52] [Render thread/WARN] (Minecraft) Missing sound for event: minecraft:item.goat_horn.play
[10:47:52] [Render thread/WARN] (Minecraft) Missing sound for event: minecraft:entity.goat.screaming.horn_break
[10:47:53] [Render thread/INFO] (Minecraft) OpenAL initialized on device OpenAL Soft on Headset Earphone (HyperX Virtual Surround Sound)
[10:47:53] [Render thread/INFO] (Minecraft) Sound engine started
[10:47:53] [Render thread/INFO] (Minecraft) Created: 1024x512x4 minecraft:textures/atlas/blocks.png-atlas
[10:47:54] [Render thread/WARN] (immersive_guns) immersive_guns:ak47 index file read fail!
[10:47:54] [Render thread/INFO] (Minecraft) [STDERR]: java.lang.IllegalArgumentException: animation not found: immersive_guns:ak47
[10:47:54] [Render thread/INFO] (Minecraft) [STDERR]: 	at com.imguns.guns.client.resource.index.ClientGunIndex.checkAnimation(ClientGunIndex.java:209)
[10:47:54] [Render thread/INFO] (Minecraft) [STDERR]: 	at com.imguns.guns.client.resource.index.ClientGunIndex.getInstance(ClientGunIndex.java:82)
[10:47:54] [Render thread/INFO] (Minecraft) [STDERR]: 	at com.imguns.guns.client.resource.loader.index.ClientGunIndexLoader.lambda$loadGunIndex$0(ClientGunIndexLoader.java:21)
[10:47:54] [Render thread/INFO] (Minecraft) [STDERR]: 	at java.base/java.util.HashMap$EntrySet.forEach(HashMap.java:1134)
[10:47:54] [Render thread/INFO] (Minecraft) [STDERR]: 	at com.imguns.guns.client.resource.loader.index.ClientGunIndexLoader.loadGunIndex(ClientGunIndexLoader.java:17)
[10:47:54] [Render thread/INFO] (Minecraft) [STDERR]: 	at com.imguns.guns.client.resource.ClientGunPackLoader.reloadIndex(ClientGunPackLoader.java:92)
[10:47:54] [Render thread/INFO] (Minecraft) [STDERR]: 	at com.imguns.guns.client.resource.ClientReloadManager.reloadAllPack(ClientReloadManager.java:29)
[10:47:54] [Render thread/INFO] (Minecraft) [STDERR]: 	at com.imguns.guns.client.event.ReloadResourceEvent.onTextureStitchEventPost(ReloadResourceEvent.java:15)
[10:47:54] [Render thread/INFO] (Minecraft) [STDERR]: 	at net.minecraft.client.texture.SpriteAtlasTexture.handler$zjd000$immersive_guns$uploadPost(SpriteAtlasTexture.java:1016)
[10:47:54] [Render thread/INFO] (Minecraft) [STDERR]: 	at net.minecraft.client.texture.SpriteAtlasTexture.upload(SpriteAtlasTexture.java:105)
[10:47:54] [Render thread/INFO] (Minecraft) [STDERR]: 	at net.minecraft.client.render.model.SpriteAtlasManager$AtlasPreparation.upload(SpriteAtlasManager.java:68)
[10:47:54] [Render thread/INFO] (Minecraft) [STDERR]: 	at java.base/java.util.HashMap$Values.forEach(HashMap.java:1073)
[10:47:54] [Render thread/INFO] (Minecraft) [STDERR]: 	at net.minecraft.client.render.model.BakedModelManager.upload(BakedModelManager.java:182)
[10:47:54] [Render thread/INFO] (Minecraft) [STDERR]: 	at net.minecraft.client.render.model.BakedModelManager.method_45882(BakedModelManager.java:95)
[10:47:54] [Render thread/INFO] (Minecraft) [STDERR]: 	at java.base/java.util.concurrent.CompletableFuture$UniAccept.tryFire(CompletableFuture.java:718)
[10:47:54] [Render thread/INFO] (Minecraft) [STDERR]: 	at java.base/java.util.concurrent.CompletableFuture$Completion.run(CompletableFuture.java:482)
[10:47:54] [Render thread/INFO] (Minecraft) [STDERR]: 	at net.minecraft.resource.SimpleResourceReload.method_18365(SimpleResourceReload.java:69)
[10:47:54] [Render thread/INFO] (Minecraft) [STDERR]: 	at net.minecraft.util.thread.ThreadExecutor.executeTask(ThreadExecutor.java:156)
[10:47:54] [Render thread/INFO] (Minecraft) [STDERR]: 	at net.minecraft.util.thread.ReentrantThreadExecutor.executeTask(ReentrantThreadExecutor.java:23)
[10:47:54] [Render thread/INFO] (Minecraft) [STDERR]: 	at net.minecraft.util.thread.ThreadExecutor.runTask(ThreadExecutor.java:130)
[10:47:54] [Render thread/INFO] (Minecraft) [STDERR]: 	at net.minecraft.util.thread.ThreadExecutor.runTasks(ThreadExecutor.java:115)
[10:47:54] [Render thread/INFO] (Minecraft) [STDERR]: 	at net.minecraft.client.MinecraftClient.render(MinecraftClient.java:1175)
[10:47:54] [Render thread/INFO] (Minecraft) [STDERR]: 	at net.minecraft.client.MinecraftClient.run(MinecraftClient.java:802)
[10:47:54] [Render thread/INFO] (Minecraft) [STDERR]: 	at net.minecraft.client.main.Main.main(Main.java:250)
[10:47:54] [Render thread/INFO] (Minecraft) [STDERR]: 	at net.fabricmc.loader.impl.game.minecraft.MinecraftGameProvider.launch(MinecraftGameProvider.java:470)
[10:47:54] [Render thread/INFO] (Minecraft) [STDERR]: 	at net.fabricmc.loader.impl.launch.knot.Knot.launch(Knot.java:74)
[10:47:54] [Render thread/INFO] (Minecraft) [STDERR]: 	at net.fabricmc.loader.impl.launch.knot.KnotClient.main(KnotClient.java:23)
[10:47:54] [Render thread/INFO] (Minecraft) [STDERR]: 	at net.fabricmc.devlaunchinjector.Main.main(Main.java:86)
[10:47:54] [Render thread/WARN] (immersive_guns) immersive_guns:m249 index file read fail!
[10:47:54] [Render thread/INFO] (Minecraft) [STDERR]: java.lang.IllegalArgumentException: animation not found: immersive_guns:m249
[10:47:54] [Render thread/INFO] (Minecraft) [STDERR]: 	at com.imguns.guns.client.resource.index.ClientGunIndex.checkAnimation(ClientGunIndex.java:209)
[10:47:54] [Render thread/INFO] (Minecraft) [STDERR]: 	at com.imguns.guns.client.resource.index.ClientGunIndex.getInstance(ClientGunIndex.java:82)
[10:47:54] [Render thread/INFO] (Minecraft) [STDERR]: 	at com.imguns.guns.client.resource.loader.index.ClientGunIndexLoader.lambda$loadGunIndex$0(ClientGunIndexLoader.java:21)
[10:47:54] [Render thread/INFO] (Minecraft) [STDERR]: 	at java.base/java.util.HashMap$EntrySet.forEach(HashMap.java:1134)
[10:47:54] [Render thread/INFO] (Minecraft) [STDERR]: 	at com.imguns.guns.client.resource.loader.index.ClientGunIndexLoader.loadGunIndex(ClientGunIndexLoader.java:17)
[10:47:54] [Render thread/INFO] (Minecraft) [STDERR]: 	at com.imguns.guns.client.resource.ClientGunPackLoader.reloadIndex(ClientGunPackLoader.java:92)
[10:47:54] [Render thread/INFO] (Minecraft) [STDERR]: 	at com.imguns.guns.client.resource.ClientReloadManager.reloadAllPack(ClientReloadManager.java:29)
[10:47:54] [Render thread/INFO] (Minecraft) [STDERR]: 	at com.imguns.guns.client.event.ReloadResourceEvent.onTextureStitchEventPost(ReloadResourceEvent.java:15)
[10:47:54] [Render thread/INFO] (Minecraft) [STDERR]: 	at net.minecraft.client.texture.SpriteAtlasTexture.handler$zjd000$immersive_guns$uploadPost(SpriteAtlasTexture.java:1016)
[10:47:54] [Render thread/INFO] (Minecraft) [STDERR]: 	at net.minecraft.client.texture.SpriteAtlasTexture.upload(SpriteAtlasTexture.java:105)
[10:47:54] [Render thread/INFO] (Minecraft) [STDERR]: 	at net.minecraft.client.render.model.SpriteAtlasManager$AtlasPreparation.upload(SpriteAtlasManager.java:68)
[10:47:54] [Render thread/INFO] (Minecraft) [STDERR]: 	at java.base/java.util.HashMap$Values.forEach(HashMap.java:1073)
[10:47:54] [Render thread/INFO] (Minecraft) [STDERR]: 	at net.minecraft.client.render.model.BakedModelManager.upload(BakedModelManager.java:182)
[10:47:54] [Render thread/INFO] (Minecraft) [STDERR]: 	at net.minecraft.client.render.model.BakedModelManager.method_45882(BakedModelManager.java:95)
[10:47:54] [Render thread/INFO] (Minecraft) [STDERR]: 	at java.base/java.util.concurrent.CompletableFuture$UniAccept.tryFire(CompletableFuture.java:718)
[10:47:54] [Render thread/INFO] (Minecraft) [STDERR]: 	at java.base/java.util.concurrent.CompletableFuture$Completion.run(CompletableFuture.java:482)
[10:47:54] [Render thread/INFO] (Minecraft) [STDERR]: 	at net.minecraft.resource.SimpleResourceReload.method_18365(SimpleResourceReload.java:69)
[10:47:54] [Render thread/INFO] (Minecraft) [STDERR]: 	at net.minecraft.util.thread.ThreadExecutor.executeTask(ThreadExecutor.java:156)
[10:47:54] [Render thread/INFO] (Minecraft) [STDERR]: 	at net.minecraft.util.thread.ReentrantThreadExecutor.executeTask(ReentrantThreadExecutor.java:23)
[10:47:54] [Render thread/INFO] (Minecraft) [STDERR]: 	at net.minecraft.util.thread.ThreadExecutor.runTask(ThreadExecutor.java:130)
[10:47:54] [Render thread/INFO] (Minecraft) [STDERR]: 	at net.minecraft.util.thread.ThreadExecutor.runTasks(ThreadExecutor.java:115)
[10:47:54] [Render thread/INFO] (Minecraft) [STDERR]: 	at net.minecraft.client.MinecraftClient.render(MinecraftClient.java:1175)
[10:47:54] [Render thread/INFO] (Minecraft) [STDERR]: 	at net.minecraft.client.MinecraftClient.run(MinecraftClient.java:802)
[10:47:54] [Render thread/INFO] (Minecraft) [STDERR]: 	at net.minecraft.client.main.Main.main(Main.java:250)
[10:47:54] [Render thread/INFO] (Minecraft) [STDERR]: 	at net.fabricmc.loader.impl.game.minecraft.MinecraftGameProvider.launch(MinecraftGameProvider.java:470)
[10:47:54] [Render thread/INFO] (Minecraft) [STDERR]: 	at net.fabricmc.loader.impl.launch.knot.Knot.launch(Knot.java:74)
[10:47:54] [Render thread/INFO] (Minecraft) [STDERR]: 	at net.fabricmc.loader.impl.launch.knot.KnotClient.main(KnotClient.java:23)
[10:47:54] [Render thread/INFO] (Minecraft) [STDERR]: 	at net.fabricmc.devlaunchinjector.Main.main(Main.java:86)
[10:47:54] [Render thread/WARN] (immersive_guns) immersive_guns:db_short index file read fail!
[10:47:54] [Render thread/INFO] (Minecraft) [STDERR]: java.lang.IllegalArgumentException: animation not found: immersive_guns:db_short
[10:47:54] [Render thread/INFO] (Minecraft) [STDERR]: 	at com.imguns.guns.client.resource.index.ClientGunIndex.checkAnimation(ClientGunIndex.java:209)
[10:47:54] [Render thread/INFO] (Minecraft) [STDERR]: 	at com.imguns.guns.client.resource.index.ClientGunIndex.getInstance(ClientGunIndex.java:82)
[10:47:54] [Render thread/INFO] (Minecraft) [STDERR]: 	at com.imguns.guns.client.resource.loader.index.ClientGunIndexLoader.lambda$loadGunIndex$0(ClientGunIndexLoader.java:21)
[10:47:54] [Render thread/INFO] (Minecraft) [STDERR]: 	at java.base/java.util.HashMap$EntrySet.forEach(HashMap.java:1134)
[10:47:54] [Render thread/INFO] (Minecraft) [STDERR]: 	at com.imguns.guns.client.resource.loader.index.ClientGunIndexLoader.loadGunIndex(ClientGunIndexLoader.java:17)
[10:47:54] [Render thread/INFO] (Minecraft) [STDERR]: 	at com.imguns.guns.client.resource.ClientGunPackLoader.reloadIndex(ClientGunPackLoader.java:92)
[10:47:54] [Render thread/INFO] (Minecraft) [STDERR]: 	at com.imguns.guns.client.resource.ClientReloadManager.reloadAllPack(ClientReloadManager.java:29)
[10:47:54] [Render thread/INFO] (Minecraft) [STDERR]: 	at com.imguns.guns.client.event.ReloadResourceEvent.onTextureStitchEventPost(ReloadResourceEvent.java:15)
[10:47:54] [Render thread/INFO] (Minecraft) [STDERR]: 	at net.minecraft.client.texture.SpriteAtlasTexture.handler$zjd000$immersive_guns$uploadPost(SpriteAtlasTexture.java:1016)
[10:47:54] [Render thread/INFO] (Minecraft) [STDERR]: 	at net.minecraft.client.texture.SpriteAtlasTexture.upload(SpriteAtlasTexture.java:105)
[10:47:54] [Render thread/INFO] (Minecraft) [STDERR]: 	at net.minecraft.client.render.model.SpriteAtlasManager$AtlasPreparation.upload(SpriteAtlasManager.java:68)
[10:47:54] [Render thread/INFO] (Minecraft) [STDERR]: 	at java.base/java.util.HashMap$Values.forEach(HashMap.java:1073)
[10:47:54] [Render thread/INFO] (Minecraft) [STDERR]: 	at net.minecraft.client.render.model.BakedModelManager.upload(BakedModelManager.java:182)
[10:47:54] [Render thread/INFO] (Minecraft) [STDERR]: 	at net.minecraft.client.render.model.BakedModelManager.method_45882(BakedModelManager.java:95)
[10:47:54] [Render thread/INFO] (Minecraft) [STDERR]: 	at java.base/java.util.concurrent.CompletableFuture$UniAccept.tryFire(CompletableFuture.java:718)
[10:47:54] [Render thread/INFO] (Minecraft) [STDERR]: 	at java.base/java.util.concurrent.CompletableFuture$Completion.run(CompletableFuture.java:482)
[10:47:54] [Render thread/INFO] (Minecraft) [STDERR]: 	at net.minecraft.resource.SimpleResourceReload.method_18365(SimpleResourceReload.java:69)
[10:47:54] [Render thread/INFO] (Minecraft) [STDERR]: 	at net.minecraft.util.thread.ThreadExecutor.executeTask(ThreadExecutor.java:156)
[10:47:54] [Render thread/INFO] (Minecraft) [STDERR]: 	at net.minecraft.util.thread.ReentrantThreadExecutor.executeTask(ReentrantThreadExecutor.java:23)
[10:47:54] [Render thread/INFO] (Minecraft) [STDERR]: 	at net.minecraft.util.thread.ThreadExecutor.runTask(ThreadExecutor.java:130)
[10:47:54] [Render thread/INFO] (Minecraft) [STDERR]: 	at net.minecraft.util.thread.ThreadExecutor.runTasks(ThreadExecutor.java:115)
[10:47:54] [Render thread/INFO] (Minecraft) [STDERR]: 	at net.minecraft.client.MinecraftClient.render(MinecraftClient.java:1175)
[10:47:54] [Render thread/INFO] (Minecraft) [STDERR]: 	at net.minecraft.client.MinecraftClient.run(MinecraftClient.java:802)
[10:47:54] [Render thread/INFO] (Minecraft) [STDERR]: 	at net.minecraft.client.main.Main.main(Main.java:250)
[10:47:54] [Render thread/INFO] (Minecraft) [STDERR]: 	at net.fabricmc.loader.impl.game.minecraft.MinecraftGameProvider.launch(MinecraftGameProvider.java:470)
[10:47:54] [Render thread/INFO] (Minecraft) [STDERR]: 	at net.fabricmc.loader.impl.launch.knot.Knot.launch(Knot.java:74)
[10:47:54] [Render thread/INFO] (Minecraft) [STDERR]: 	at net.fabricmc.loader.impl.launch.knot.KnotClient.main(KnotClient.java:23)
[10:47:54] [Render thread/INFO] (Minecraft) [STDERR]: 	at net.fabricmc.devlaunchinjector.Main.main(Main.java:86)
[10:47:54] [Render thread/WARN] (immersive_guns) immersive_guns:hk_mp5a5 index file read fail!
[10:47:54] [Render thread/INFO] (Minecraft) [STDERR]: java.lang.IllegalArgumentException: animation not found: immersive_guns:hk_mp5a5
[10:47:54] [Render thread/INFO] (Minecraft) [STDERR]: 	at com.imguns.guns.client.resource.index.ClientGunIndex.checkAnimation(ClientGunIndex.java:209)
[10:47:54] [Render thread/INFO] (Minecraft) [STDERR]: 	at com.imguns.guns.client.resource.index.ClientGunIndex.getInstance(ClientGunIndex.java:82)
[10:47:54] [Render thread/INFO] (Minecraft) [STDERR]: 	at com.imguns.guns.client.resource.loader.index.ClientGunIndexLoader.lambda$loadGunIndex$0(ClientGunIndexLoader.java:21)
[10:47:54] [Render thread/INFO] (Minecraft) [STDERR]: 	at java.base/java.util.HashMap$EntrySet.forEach(HashMap.java:1134)
[10:47:54] [Render thread/INFO] (Minecraft) [STDERR]: 	at com.imguns.guns.client.resource.loader.index.ClientGunIndexLoader.loadGunIndex(ClientGunIndexLoader.java:17)
[10:47:54] [Render thread/INFO] (Minecraft) [STDERR]: 	at com.imguns.guns.client.resource.ClientGunPackLoader.reloadIndex(ClientGunPackLoader.java:92)
[10:47:54] [Render thread/INFO] (Minecraft) [STDERR]: 	at com.imguns.guns.client.resource.ClientReloadManager.reloadAllPack(ClientReloadManager.java:29)
[10:47:54] [Render thread/INFO] (Minecraft) [STDERR]: 	at com.imguns.guns.client.event.ReloadResourceEvent.onTextureStitchEventPost(ReloadResourceEvent.java:15)
[10:47:54] [Render thread/INFO] (Minecraft) [STDERR]: 	at net.minecraft.client.texture.SpriteAtlasTexture.handler$zjd000$immersive_guns$uploadPost(SpriteAtlasTexture.java:1016)
[10:47:54] [Render thread/INFO] (Minecraft) [STDERR]: 	at net.minecraft.client.texture.SpriteAtlasTexture.upload(SpriteAtlasTexture.java:105)
[10:47:54] [Render thread/INFO] (Minecraft) [STDERR]: 	at net.minecraft.client.render.model.SpriteAtlasManager$AtlasPreparation.upload(SpriteAtlasManager.java:68)
[10:47:54] [Render thread/INFO] (Minecraft) [STDERR]: 	at java.base/java.util.HashMap$Values.forEach(HashMap.java:1073)
[10:47:54] [Render thread/INFO] (Minecraft) [STDERR]: 	at net.minecraft.client.render.model.BakedModelManager.upload(BakedModelManager.java:182)
[10:47:54] [Render thread/INFO] (Minecraft) [STDERR]: 	at net.minecraft.client.render.model.BakedModelManager.method_45882(BakedModelManager.java:95)
[10:47:54] [Render thread/INFO] (Minecraft) [STDERR]: 	at java.base/java.util.concurrent.CompletableFuture$UniAccept.tryFire(CompletableFuture.java:718)
[10:47:54] [Render thread/INFO] (Minecraft) [STDERR]: 	at java.base/java.util.concurrent.CompletableFuture$Completion.run(CompletableFuture.java:482)
[10:47:54] [Render thread/INFO] (Minecraft) [STDERR]: 	at net.minecraft.resource.SimpleResourceReload.method_18365(SimpleResourceReload.java:69)
[10:47:54] [Render thread/INFO] (Minecraft) [STDERR]: 	at net.minecraft.util.thread.ThreadExecutor.executeTask(ThreadExecutor.java:156)
[10:47:54] [Render thread/INFO] (Minecraft) [STDERR]: 	at net.minecraft.util.thread.ReentrantThreadExecutor.executeTask(ReentrantThreadExecutor.java:23)
[10:47:54] [Render thread/INFO] (Minecraft) [STDERR]: 	at net.minecraft.util.thread.ThreadExecutor.runTask(ThreadExecutor.java:130)
[10:47:54] [Render thread/INFO] (Minecraft) [STDERR]: 	at net.minecraft.util.thread.ThreadExecutor.runTasks(ThreadExecutor.java:115)
[10:47:54] [Render thread/INFO] (Minecraft) [STDERR]: 	at net.minecraft.client.MinecraftClient.render(MinecraftClient.java:1175)
[10:47:54] [Render thread/INFO] (Minecraft) [STDERR]: 	at net.minecraft.client.MinecraftClient.run(MinecraftClient.java:802)
[10:47:54] [Render thread/INFO] (Minecraft) [STDERR]: 	at net.minecraft.client.main.Main.main(Main.java:250)
[10:47:54] [Render thread/INFO] (Minecraft) [STDERR]: 	at net.fabricmc.loader.impl.game.minecraft.MinecraftGameProvider.launch(MinecraftGameProvider.java:470)
[10:47:54] [Render thread/INFO] (Minecraft) [STDERR]: 	at net.fabricmc.loader.impl.launch.knot.Knot.launch(Knot.java:74)
[10:47:54] [Render thread/INFO] (Minecraft) [STDERR]: 	at net.fabricmc.loader.impl.launch.knot.KnotClient.main(KnotClient.java:23)
[10:47:54] [Render thread/INFO] (Minecraft) [STDERR]: 	at net.fabricmc.devlaunchinjector.Main.main(Main.java:86)
[10:47:54] [Render thread/WARN] (immersive_guns) immersive_guns:m24 index file read fail!
[10:47:54] [Render thread/INFO] (Minecraft) [STDERR]: java.lang.IllegalArgumentException: there is no corresponding model file
[10:47:54] [Render thread/INFO] (Minecraft) [STDERR]: 	at com.google.common.base.Preconditions.checkArgument(Preconditions.java:145)
[10:47:54] [Render thread/INFO] (Minecraft) [STDERR]: 	at com.imguns.guns.client.resource.index.ClientGunIndex.checkTextureAndModel(ClientGunIndex.java:151)
[10:47:54] [Render thread/INFO] (Minecraft) [STDERR]: 	at com.imguns.guns.client.resource.index.ClientGunIndex.getInstance(ClientGunIndex.java:78)
[10:47:54] [Render thread/INFO] (Minecraft) [STDERR]: 	at com.imguns.guns.client.resource.loader.index.ClientGunIndexLoader.lambda$loadGunIndex$0(ClientGunIndexLoader.java:21)
[10:47:54] [Render thread/INFO] (Minecraft) [STDERR]: 	at java.base/java.util.HashMap$EntrySet.forEach(HashMap.java:1134)
[10:47:54] [Render thread/INFO] (Minecraft) [STDERR]: 	at com.imguns.guns.client.resource.loader.index.ClientGunIndexLoader.loadGunIndex(ClientGunIndexLoader.java:17)
[10:47:54] [Render thread/INFO] (Minecraft) [STDERR]: 	at com.imguns.guns.client.resource.ClientGunPackLoader.reloadIndex(ClientGunPackLoader.java:92)
[10:47:54] [Render thread/INFO] (Minecraft) [STDERR]: 	at com.imguns.guns.client.resource.ClientReloadManager.reloadAllPack(ClientReloadManager.java:29)
[10:47:54] [Render thread/INFO] (Minecraft) [STDERR]: 	at com.imguns.guns.client.event.ReloadResourceEvent.onTextureStitchEventPost(ReloadResourceEvent.java:15)
[10:47:54] [Render thread/INFO] (Minecraft) [STDERR]: 	at net.minecraft.client.texture.SpriteAtlasTexture.handler$zjd000$immersive_guns$uploadPost(SpriteAtlasTexture.java:1016)
[10:47:54] [Render thread/INFO] (Minecraft) [STDERR]: 	at net.minecraft.client.texture.SpriteAtlasTexture.upload(SpriteAtlasTexture.java:105)
[10:47:54] [Render thread/INFO] (Minecraft) [STDERR]: 	at net.minecraft.client.render.model.SpriteAtlasManager$AtlasPreparation.upload(SpriteAtlasManager.java:68)
[10:47:54] [Render thread/INFO] (Minecraft) [STDERR]: 	at java.base/java.util.HashMap$Values.forEach(HashMap.java:1073)
[10:47:54] [Render thread/INFO] (Minecraft) [STDERR]: 	at net.minecraft.client.render.model.BakedModelManager.upload(BakedModelManager.java:182)
[10:47:54] [Render thread/INFO] (Minecraft) [STDERR]: 	at net.minecraft.client.render.model.BakedModelManager.method_45882(BakedModelManager.java:95)
[10:47:54] [Render thread/INFO] (Minecraft) [STDERR]: 	at java.base/java.util.concurrent.CompletableFuture$UniAccept.tryFire(CompletableFuture.java:718)
[10:47:54] [Render thread/INFO] (Minecraft) [STDERR]: 	at java.base/java.util.concurrent.CompletableFuture$Completion.run(CompletableFuture.java:482)
[10:47:54] [Render thread/INFO] (Minecraft) [STDERR]: 	at net.minecraft.resource.SimpleResourceReload.method_18365(SimpleResourceReload.java:69)
[10:47:54] [Render thread/INFO] (Minecraft) [STDERR]: 	at net.minecraft.util.thread.ThreadExecutor.executeTask(ThreadExecutor.java:156)
[10:47:54] [Render thread/INFO] (Minecraft) [STDERR]: 	at net.minecraft.util.thread.ReentrantThreadExecutor.executeTask(ReentrantThreadExecutor.java:23)
[10:47:54] [Render thread/INFO] (Minecraft) [STDERR]: 	at net.minecraft.util.thread.ThreadExecutor.runTask(ThreadExecutor.java:130)
[10:47:54] [Render thread/INFO] (Minecraft) [STDERR]: 	at net.minecraft.util.thread.ThreadExecutor.runTasks(ThreadExecutor.java:115)
[10:47:54] [Render thread/INFO] (Minecraft) [STDERR]: 	at net.minecraft.client.MinecraftClient.render(MinecraftClient.java:1175)
[10:47:54] [Render thread/INFO] (Minecraft) [STDERR]: 	at net.minecraft.client.MinecraftClient.run(MinecraftClient.java:802)
[10:47:54] [Render thread/INFO] (Minecraft) [STDERR]: 	at net.minecraft.client.main.Main.main(Main.java:250)
[10:47:54] [Render thread/INFO] (Minecraft) [STDERR]: 	at net.fabricmc.loader.impl.game.minecraft.MinecraftGameProvider.launch(MinecraftGameProvider.java:470)
[10:47:54] [Render thread/INFO] (Minecraft) [STDERR]: 	at net.fabricmc.loader.impl.launch.knot.Knot.launch(Knot.java:74)
[10:47:54] [Render thread/INFO] (Minecraft) [STDERR]: 	at net.fabricmc.loader.impl.launch.knot.KnotClient.main(KnotClient.java:23)
[10:47:54] [Render thread/INFO] (Minecraft) [STDERR]: 	at net.fabricmc.devlaunchinjector.Main.main(Main.java:86)
[10:47:54] [Render thread/WARN] (immersive_guns) immersive_guns:rpg7 index file read fail!
[10:47:54] [Render thread/INFO] (Minecraft) [STDERR]: java.lang.IllegalArgumentException: animation not found: immersive_guns:rpg7
[10:47:54] [Render thread/INFO] (Minecraft) [STDERR]: 	at com.imguns.guns.client.resource.index.ClientGunIndex.checkAnimation(ClientGunIndex.java:209)
[10:47:54] [Render thread/INFO] (Minecraft) [STDERR]: 	at com.imguns.guns.client.resource.index.ClientGunIndex.getInstance(ClientGunIndex.java:82)
[10:47:54] [Render thread/INFO] (Minecraft) [STDERR]: 	at com.imguns.guns.client.resource.loader.index.ClientGunIndexLoader.lambda$loadGunIndex$0(ClientGunIndexLoader.java:21)
[10:47:54] [Render thread/INFO] (Minecraft) [STDERR]: 	at java.base/java.util.HashMap$EntrySet.forEach(HashMap.java:1134)
[10:47:54] [Render thread/INFO] (Minecraft) [STDERR]: 	at com.imguns.guns.client.resource.loader.index.ClientGunIndexLoader.loadGunIndex(ClientGunIndexLoader.java:17)
[10:47:54] [Render thread/INFO] (Minecraft) [STDERR]: 	at com.imguns.guns.client.resource.ClientGunPackLoader.reloadIndex(ClientGunPackLoader.java:92)
[10:47:54] [Render thread/INFO] (Minecraft) [STDERR]: 	at com.imguns.guns.client.resource.ClientReloadManager.reloadAllPack(ClientReloadManager.java:29)
[10:47:54] [Render thread/INFO] (Minecraft) [STDERR]: 	at com.imguns.guns.client.event.ReloadResourceEvent.onTextureStitchEventPost(ReloadResourceEvent.java:15)
[10:47:54] [Render thread/INFO] (Minecraft) [STDERR]: 	at net.minecraft.client.texture.SpriteAtlasTexture.handler$zjd000$immersive_guns$uploadPost(SpriteAtlasTexture.java:1016)
[10:47:54] [Render thread/INFO] (Minecraft) [STDERR]: 	at net.minecraft.client.texture.SpriteAtlasTexture.upload(SpriteAtlasTexture.java:105)
[10:47:54] [Render thread/INFO] (Minecraft) [STDERR]: 	at net.minecraft.client.render.model.SpriteAtlasManager$AtlasPreparation.upload(SpriteAtlasManager.java:68)
[10:47:54] [Render thread/INFO] (Minecraft) [STDERR]: 	at java.base/java.util.HashMap$Values.forEach(HashMap.java:1073)
[10:47:54] [Render thread/INFO] (Minecraft) [STDERR]: 	at net.minecraft.client.render.model.BakedModelManager.upload(BakedModelManager.java:182)
[10:47:54] [Render thread/INFO] (Minecraft) [STDERR]: 	at net.minecraft.client.render.model.BakedModelManager.method_45882(BakedModelManager.java:95)
[10:47:54] [Render thread/INFO] (Minecraft) [STDERR]: 	at java.base/java.util.concurrent.CompletableFuture$UniAccept.tryFire(CompletableFuture.java:718)
[10:47:54] [Render thread/INFO] (Minecraft) [STDERR]: 	at java.base/java.util.concurrent.CompletableFuture$Completion.run(CompletableFuture.java:482)
[10:47:54] [Render thread/INFO] (Minecraft) [STDERR]: 	at net.minecraft.resource.SimpleResourceReload.method_18365(SimpleResourceReload.java:69)
[10:47:54] [Render thread/INFO] (Minecraft) [STDERR]: 	at net.minecraft.util.thread.ThreadExecutor.executeTask(ThreadExecutor.java:156)
[10:47:54] [Render thread/INFO] (Minecraft) [STDERR]: 	at net.minecraft.util.thread.ReentrantThreadExecutor.executeTask(ReentrantThreadExecutor.java:23)
[10:47:54] [Render thread/INFO] (Minecraft) [STDERR]: 	at net.minecraft.util.thread.ThreadExecutor.runTask(ThreadExecutor.java:130)
[10:47:54] [Render thread/INFO] (Minecraft) [STDERR]: 	at net.minecraft.util.thread.ThreadExecutor.runTasks(ThreadExecutor.java:115)
[10:47:54] [Render thread/INFO] (Minecraft) [STDERR]: 	at net.minecraft.client.MinecraftClient.render(MinecraftClient.java:1175)
[10:47:54] [Render thread/INFO] (Minecraft) [STDERR]: 	at net.minecraft.client.MinecraftClient.run(MinecraftClient.java:802)
[10:47:54] [Render thread/INFO] (Minecraft) [STDERR]: 	at net.minecraft.client.main.Main.main(Main.java:250)
[10:47:54] [Render thread/INFO] (Minecraft) [STDERR]: 	at net.fabricmc.loader.impl.game.minecraft.MinecraftGameProvider.launch(MinecraftGameProvider.java:470)
[10:47:54] [Render thread/INFO] (Minecraft) [STDERR]: 	at net.fabricmc.loader.impl.launch.knot.Knot.launch(Knot.java:74)
[10:47:54] [Render thread/INFO] (Minecraft) [STDERR]: 	at net.fabricmc.loader.impl.launch.knot.KnotClient.main(KnotClient.java:23)
[10:47:54] [Render thread/INFO] (Minecraft) [STDERR]: 	at net.fabricmc.devlaunchinjector.Main.main(Main.java:86)
[10:47:54] [Render thread/INFO] (Minecraft) Created: 256x256x4 minecraft:textures/atlas/signs.png-atlas
[10:47:54] [Render thread/INFO] (Minecraft) Created: 512x512x4 minecraft:textures/atlas/banner_patterns.png-atlas
[10:47:54] [Render thread/INFO] (Minecraft) Created: 512x512x4 minecraft:textures/atlas/shield_patterns.png-atlas
[10:47:54] [Render thread/INFO] (Minecraft) Created: 1024x1024x4 minecraft:textures/atlas/armor_trims.png-atlas
[10:47:54] [Render thread/INFO] (Minecraft) Created: 128x64x4 minecraft:textures/atlas/decorated_pot.png-atlas
[10:47:54] [Render thread/INFO] (Minecraft) Created: 256x256x4 minecraft:textures/atlas/chest.png-atlas
[10:47:54] [Render thread/INFO] (Minecraft) Created: 512x256x4 minecraft:textures/atlas/shulker_boxes.png-atlas
[10:47:54] [Render thread/INFO] (Minecraft) Created: 512x256x4 minecraft:textures/atlas/beds.png-atlas
[10:47:55] [Render thread/WARN] (Minecraft) Shader rendertype_entity_translucent_emissive could not find sampler named Sampler2 in the specified shader program.
[10:47:55] [Render thread/INFO] (Minecraft) Created: 256x256x0 minecraft:textures/atlas/particles.png-atlas
[10:47:55] [Render thread/INFO] (Minecraft) Created: 256x256x0 minecraft:textures/atlas/paintings.png-atlas
[10:47:55] [Render thread/INFO] (Minecraft) Created: 128x128x0 minecraft:textures/atlas/mob_effects.png-atlas
[10:47:55] [Render thread/INFO] (Minecraft) Created: 256x128x0 jei:textures/atlas/gui.png-atlas
[10:47:55] [Render thread/INFO] (Minecraft) Created: 256x256x0 moonlight:textures/atlas/map_markers.png-atlas
[10:48:03] [Render thread/INFO] (Minecraft) Stopping!
[10:48:03] [Render thread/INFO] (ClientLifecycleHandler) Stopping JEI
[10:48:03] [Render thread/INFO] (JeiStarter) Stopping JEI
[10:48:03] [Render thread/INFO] (PluginCaller) Sending Runtime Unavailable...
[10:48:03] [Render thread/INFO] (FabricGuiPlugin) Stopping JEI GUI
[10:48:03] [Render thread/INFO] (PluginCaller) Sending Runtime Unavailable took 369.9 ?s
